<?xml version="1.0" encoding="UTF-8"?>
<!-- Generated by org.testng.reporters.JUnitReportReporter -->
<testsuite hostname="LAPTOP-NU1V4IQS" failures="0" tests="1" name="phase.ReqResTest" time="5.505" errors="0" timestamp="23 Sept 2024 08:31:53 GMT" skipped="0">
  <testcase classname="phase.ReqResTest" name="Post_Employee" time="5.505"/>
</testsuite> <!-- phase.ReqResTest -->
